<?xml version="1.0" encoding="UTF-8"?>
<!-- Generated by org.testng.reporters.JUnitReportReporter -->
<testsuite skipped="0" hostname="LAPTOP-6FBL8RKQ" name="TestSearch" tests="2" failures="0" timestamp="2021-08-05T12:15:23 CST" time="53.454" errors="0">
  <testcase name="Validate_Search" time="11.486" classname="TestSearch"/>
  <testcase name="Test_Empty_Results" time="41.968" classname="TestSearch"/>
</testsuite> <!-- TestSearch -->
