<?xml version="1.0" encoding="UTF-8"?>
<!-- Generated by org.testng.reporters.JUnitReportReporter -->
<testsuite skipped="0" hostname="LAPTOP-6FBL8RKQ" name="TestAccount" tests="2" failures="0" timestamp="2021-08-10T15:20:16 CST" time="19.627" errors="0">
  <testcase name="Test_Login_Successful" time="12.427" classname="TestAccount"/>
  <testcase name="Test_Login_Unsuccessful" time="7.200" classname="TestAccount"/>
</testsuite> <!-- TestAccount -->
