<?xml version="1.0" encoding="UTF-8"?>
<!-- Generated by org.testng.reporters.JUnitReportReporter -->
<testsuite skipped="0" hostname="LAPTOP-6FBL8RKQ" name="TestAccount" tests="2" failures="0" timestamp="2021-08-05T12:15:23 CST" time="20.278" errors="0">
  <testcase name="Test_Login_Successful" time="12.023" classname="TestAccount"/>
  <testcase name="Test_Login_Unsuccessful" time="8.255" classname="TestAccount"/>
</testsuite> <!-- TestAccount -->
